2022-04-02 14:09:46,204 [Worker-9: Loading available Gradle versions] INFO  o.e.b.c.i.u.g.PublishedGradleVersions - Gradle version information cache is not available. Remote download required.
2024-03-14 13:31:49,085 [Worker-7: Loading available Gradle versions] INFO  o.e.b.c.i.u.g.PublishedGradleVersions - Gradle version information cache is not available. Remote download required.
2024-03-14 13:37:45,706 [Worker-7: Loading available Gradle versions] INFO  o.e.b.c.i.u.g.PublishedGradleVersions - Gradle version information cache is up-to-date. Trying to read.
2024-03-14 13:46:53,297 [Worker-3: Loading available Gradle versions] INFO  o.e.b.c.i.u.g.PublishedGradleVersions - Gradle version information cache is up-to-date. Trying to read.
2024-03-14 17:49:02,638 [Worker-7: Loading available Gradle versions] INFO  o.e.b.c.i.u.g.PublishedGradleVersions - Gradle version information cache is up-to-date. Trying to read.
2024-03-14 17:55:27,098 [Worker-4: Loading available Gradle versions] INFO  o.e.b.c.i.u.g.PublishedGradleVersions - Gradle version information cache is up-to-date. Trying to read.
2024-03-14 18:09:01,453 [Worker-4: Loading available Gradle versions] INFO  o.e.b.c.i.u.g.PublishedGradleVersions - Gradle version information cache is up-to-date. Trying to read.
2024-03-15 15:43:14,932 [Worker-4: Loading available Gradle versions] INFO  o.e.b.c.i.u.g.PublishedGradleVersions - Gradle version information cache is out-of-date. Trying to update.
2024-03-18 08:56:59,174 [Worker-3: Loading available Gradle versions] INFO  o.e.b.c.i.u.g.PublishedGradleVersions - Gradle version information cache is out-of-date. Trying to update.
2024-03-18 14:23:32,002 [Framework stop - Equinox Container: cac3369e-a430-4b1f-b17e-f05e48136ef6] WARN  org.eclipse.jgit.lib.Repository - close() called when useCnt is already zero for Repository[C:\Users\Mathis\Documents\BTS SIO\Projet\Test GitHub\.git]
2024-03-18 14:29:14,869 [Worker-6: Loading available Gradle versions] INFO  o.e.b.c.i.u.g.PublishedGradleVersions - Gradle version information cache is up-to-date. Trying to read.
2024-03-18 15:11:45,781 [Worker-2: Loading available Gradle versions] INFO  o.e.b.c.i.u.g.PublishedGradleVersions - Gradle version information cache is up-to-date. Trying to read.
2024-03-19 09:37:12,584 [Worker-3: Loading available Gradle versions] INFO  o.e.b.c.i.u.g.PublishedGradleVersions - Gradle version information cache is out-of-date. Trying to update.
2024-03-19 09:40:01,583 [Start Help Server] INFO  org.eclipse.jetty.util.log - Logging initialized @39254ms to org.eclipse.jetty.util.log.Slf4jLog
2024-03-19 09:40:01,642 [Start Help Server] INFO  org.eclipse.jetty.server.Server - jetty-9.4.31.v20200723; built: 2020-08-03T13:24:06.825Z; git: 450ba27947e13e66baa8cd1ce7e85a4461cacc1d; jvm 14.0.2+12-46
2024-03-19 09:40:01,653 [Start Help Server] INFO  org.eclipse.jetty.server.session - DefaultSessionIdManager workerName=node0
2024-03-19 09:40:01,653 [Start Help Server] INFO  org.eclipse.jetty.server.session - No SessionScavenger set, using defaults
2024-03-19 09:40:01,654 [Start Help Server] INFO  org.eclipse.jetty.server.session - node0 Scavenging every 660000ms
2024-03-19 09:40:01,667 [Start Help Server] INFO  o.e.j.server.handler.ContextHandler - Started o.e.j.s.ServletContextHandler@115fa50a{/help,null,AVAILABLE}
2024-03-19 09:40:01,683 [Start Help Server] INFO  o.e.jetty.server.AbstractConnector - Started ServerConnector@2ff7b9f9{HTTP/1.1, (http/1.1)}{127.0.0.1:61176}
2024-03-19 09:40:01,683 [Start Help Server] INFO  org.eclipse.jetty.server.Server - Started @39356ms
2024-03-19 09:40:01,683 [Start Help Server] INFO  org.eclipse.jetty.server.session - node0 Scavenging every 660000ms
2024-03-19 09:41:32,873 [Worker-28: Loading available Gradle versions] INFO  o.e.b.c.i.u.g.PublishedGradleVersions - Gradle version information cache is up-to-date. Trying to read.
2024-03-19 16:48:04,541 [Stop Help Server] INFO  o.e.jetty.server.AbstractConnector - Stopped ServerConnector@2ff7b9f9{HTTP/1.1, (http/1.1)}{127.0.0.1:0}
2024-03-19 16:48:04,543 [Stop Help Server] INFO  org.eclipse.jetty.server.session - node0 Stopped scavenging
2024-03-19 16:48:04,616 [Stop Help Server] INFO  o.e.j.server.handler.ContextHandler - Stopped o.e.j.s.ServletContextHandler@115fa50a{/help,null,UNAVAILABLE}
2024-06-04 18:29:31,063 [Worker-39: Loading available Gradle versions] INFO  o.e.b.c.i.u.g.PublishedGradleVersions - Gradle version information cache is out-of-date. Trying to update.
